c:\1폴더\책\03. directx\dx11code\d3d11codeset1\chapter 4 direct3d initialization\init direct3d\release\vc140.pdb
c:\gitworkspace\issacplayer\introduction_to_3d_game_programming_with_direct11\chapter 4 direct3d initialization\init direct3d\release\vc143.pdb
c:\gitworkspace\issacplayer\introduction_to_3d_game_programming_with_direct11\chapter 4 direct3d initialization\init direct3d\release\init direct3d.obj
c:\gitworkspace\issacplayer\introduction_to_3d_game_programming_with_direct11\chapter 4 direct3d initialization\init direct3d\release\gametimer.obj
c:\gitworkspace\issacplayer\introduction_to_3d_game_programming_with_direct11\chapter 4 direct3d initialization\init direct3d\release\d3dutil.obj
c:\gitworkspace\issacplayer\introduction_to_3d_game_programming_with_direct11\chapter 4 direct3d initialization\init direct3d\release\d3dapp.obj
c:\1folder\책\03. directx\dx11code\d3d11codeset1\chapter 4 direct3d initialization\init direct3d\release\init direct3d.ipdb
c:\1folder\책\03. directx\dx11code\d3d11codeset1\chapter 4 direct3d initialization\init direct3d\release\init direct3d.iobj
c:\gitworkspace\issacplayer\introduction_to_3d_game_programming_with_direct11\chapter 4 direct3d initialization\init direct3d\release\init direct3d.ipdb
c:\gitworkspace\issacplayer\introduction_to_3d_game_programming_with_direct11\chapter 4 direct3d initialization\init direct3d\release\init direct3d.iobj
c:\gitworkspace\issacplayer\introduction_to_3d_game_programming_with_direct11\chapter 4 direct3d initialization\init direct3d\release\init direct3d.exe
c:\gitworkspace\issacplayer\introduction_to_3d_game_programming_with_direct11\chapter 4 direct3d initialization\init direct3d\release\init direct3d.pdb
c:\gitworkspace\issacplayer\introduction_to_3d_game_programming_with_direct11\chapter 4 direct3d initialization\init direct3d\release\vc140.pdb
c:\gitworkspace\issacplayer\introduction_to_3d_game_programming_with_direct11\chapter 4 direct3d initialization\init direct3d\release\vc142.pdb
c:\gitworkspace\issacplayer\introduction_to_3d_game_programming_with_direct11\chapter 4 direct3d initialization\init direct3d\release\init direct3d.tlog\cl.command.1.tlog
c:\gitworkspace\issacplayer\introduction_to_3d_game_programming_with_direct11\chapter 4 direct3d initialization\init direct3d\release\init direct3d.tlog\cl.items.tlog
c:\gitworkspace\issacplayer\introduction_to_3d_game_programming_with_direct11\chapter 4 direct3d initialization\init direct3d\release\init direct3d.tlog\cl.read.1.tlog
c:\gitworkspace\issacplayer\introduction_to_3d_game_programming_with_direct11\chapter 4 direct3d initialization\init direct3d\release\init direct3d.tlog\cl.write.1.tlog
c:\gitworkspace\issacplayer\introduction_to_3d_game_programming_with_direct11\chapter 4 direct3d initialization\init direct3d\release\init direct3d.tlog\init direct3d.write.1u.tlog
c:\gitworkspace\issacplayer\introduction_to_3d_game_programming_with_direct11\chapter 4 direct3d initialization\init direct3d\release\init direct3d.tlog\link.command.1.tlog
c:\gitworkspace\issacplayer\introduction_to_3d_game_programming_with_direct11\chapter 4 direct3d initialization\init direct3d\release\init direct3d.tlog\link.read.1.tlog
c:\gitworkspace\issacplayer\introduction_to_3d_game_programming_with_direct11\chapter 4 direct3d initialization\init direct3d\release\init direct3d.tlog\link.write.1.tlog
c:\gitworkspace\issacplayer\introduction_to_3d_game_programming_with_direct11\chapter 4 direct3d initialization\init direct3d\release\init direct3d.tlog\link.write.2u.tlog
